2021-11-04 23:44:06,662:INFO:Initializing load_model()
2021-11-04 23:44:06,662:INFO:load_model(model_name=Tapiwa_AI, platform=None, authentication=None, verbose=True)
2021-11-04 23:48:05,115:INFO:Initializing load_model()
2021-11-04 23:48:05,116:INFO:load_model(model_name=Cusomer_Churn, platform=None, authentication=None, verbose=True)
2021-11-04 23:53:42,153:INFO:Initializing load_model()
2021-11-04 23:53:42,154:INFO:load_model(model_name=Cusomer_Churn, platform=None, authentication=None, verbose=True)
2021-11-04 23:53:52,019:INFO:Initializing load_model()
2021-11-04 23:53:52,020:INFO:load_model(model_name=Tapiwa_AI, platform=None, authentication=None, verbose=True)
2021-11-05 00:01:05,661:INFO:Initializing load_model()
2021-11-05 00:01:05,666:INFO:load_model(model_name=Cusomer_Churn, platform=None, authentication=None, verbose=True)
2021-11-05 00:01:22,421:INFO:Initializing load_model()
2021-11-05 00:01:22,421:INFO:load_model(model_name=Cusomer_Churn, platform=None, authentication=None, verbose=True)
2021-11-05 00:02:31,304:INFO:Initializing load_model()
2021-11-05 00:02:31,305:INFO:load_model(model_name=Cusomer_Churn, platform=None, authentication=None, verbose=True)
2021-11-05 00:02:38,658:INFO:Initializing load_model()
2021-11-05 00:02:38,659:INFO:load_model(model_name=Cusomer_Churn, platform=None, authentication=None, verbose=True)
2021-11-05 00:02:38,702:INFO:Initializing predict_model()
2021-11-05 00:02:38,702:INFO:predict_model(estimator=Pipeline(steps=[('dtypes',
                 DataTypes_Auto_infer(features_todrop=['customerID'],
                                      ml_usecase='classification',
                                      target='Churn')),
                ('imputer',
                 Simple_Imputer(categorical_strategy='not_available',
                                fill_value_categorical=None,
                                fill_value_numerical=None,
                                numeric_strategy='mean',
                                target_variable=None)),
                ('new_levels1',
                 New_Catagorical_Levels_in_TestData(replacement_s...
                ('binn', 'passthrough'), ('rem_outliers', 'passthrough'),
                ('cluster_all', 'passthrough'),
                ('dummy', Dummify(target='Churn')),
                ('fix_perfect', Remove_100(target='Churn')),
                ('clean_names', Clean_Colum_Names()),
                ('feature_select', 'passthrough'), ('fix_multi', 'passthrough'),
                ('dfs', 'passthrough'), ('pca', 'passthrough'),
                ['trained_model', AdaBoostClassifier(random_state=162)]]), probability_threshold=None, encoded_labels=False, raw_score=False, round=4, verbose=True, ml_usecase=MLUsecase.CLASSIFICATION, display=None)
2021-11-05 00:02:38,703:INFO:Checking exceptions
2021-11-05 00:02:38,704:INFO:Preloading libraries
2021-11-05 00:07:20,059:INFO:Initializing load_model()
2021-11-05 00:07:20,060:INFO:load_model(model_name=Cusomer_Churn, platform=None, authentication=None, verbose=True)
2021-11-05 00:09:43,348:INFO:Initializing load_model()
2021-11-05 00:09:43,349:INFO:load_model(model_name=Cusomer_Churn, platform=None, authentication=None, verbose=True)
2021-11-05 01:03:28,105:INFO:Initializing load_model()
2021-11-05 01:03:28,107:INFO:load_model(model_name=Cusomer_Churn, platform=None, authentication=None, verbose=True)
2021-11-05 01:03:30,959:INFO:Initializing load_model()
2021-11-05 01:03:30,960:INFO:load_model(model_name=Cusomer_Churn, platform=None, authentication=None, verbose=True)
2021-11-05 01:03:38,970:INFO:Initializing load_model()
2021-11-05 01:03:38,970:INFO:load_model(model_name=Cusomer_Churn, platform=None, authentication=None, verbose=True)
2021-11-05 01:03:42,637:INFO:Initializing predict_model()
2021-11-05 01:03:42,638:INFO:predict_model(estimator=Pipeline(steps=[('dtypes',
                 DataTypes_Auto_infer(features_todrop=['customerID'],
                                      ml_usecase='classification',
                                      target='Churn')),
                ('imputer',
                 Simple_Imputer(categorical_strategy='not_available',
                                fill_value_categorical=None,
                                fill_value_numerical=None,
                                numeric_strategy='mean',
                                target_variable=None)),
                ('new_levels1',
                 New_Catagorical_Levels_in_TestData(replacement_s...
                ('binn', 'passthrough'), ('rem_outliers', 'passthrough'),
                ('cluster_all', 'passthrough'),
                ('dummy', Dummify(target='Churn')),
                ('fix_perfect', Remove_100(target='Churn')),
                ('clean_names', Clean_Colum_Names()),
                ('feature_select', 'passthrough'), ('fix_multi', 'passthrough'),
                ('dfs', 'passthrough'), ('pca', 'passthrough'),
                ['trained_model', AdaBoostClassifier(random_state=162)]]), probability_threshold=None, encoded_labels=False, raw_score=False, round=4, verbose=True, ml_usecase=MLUsecase.CLASSIFICATION, display=None)
2021-11-05 01:03:42,639:INFO:Checking exceptions
2021-11-05 01:03:42,640:INFO:Preloading libraries
2021-11-05 01:04:00,072:INFO:Initializing load_model()
2021-11-05 01:04:00,073:INFO:load_model(model_name=Cusomer_Churn, platform=None, authentication=None, verbose=True)
2021-11-05 01:04:34,992:INFO:Initializing load_model()
2021-11-05 01:04:34,993:INFO:load_model(model_name=Cusomer_Churn, platform=None, authentication=None, verbose=True)
2021-11-05 01:04:38,987:INFO:Initializing predict_model()
2021-11-05 01:04:38,987:INFO:predict_model(estimator=Pipeline(steps=[('dtypes',
                 DataTypes_Auto_infer(features_todrop=['customerID'],
                                      ml_usecase='classification',
                                      target='Churn')),
                ('imputer',
                 Simple_Imputer(categorical_strategy='not_available',
                                fill_value_categorical=None,
                                fill_value_numerical=None,
                                numeric_strategy='mean',
                                target_variable=None)),
                ('new_levels1',
                 New_Catagorical_Levels_in_TestData(replacement_s...
                ('binn', 'passthrough'), ('rem_outliers', 'passthrough'),
                ('cluster_all', 'passthrough'),
                ('dummy', Dummify(target='Churn')),
                ('fix_perfect', Remove_100(target='Churn')),
                ('clean_names', Clean_Colum_Names()),
                ('feature_select', 'passthrough'), ('fix_multi', 'passthrough'),
                ('dfs', 'passthrough'), ('pca', 'passthrough'),
                ['trained_model', AdaBoostClassifier(random_state=162)]]), probability_threshold=None, encoded_labels=False, raw_score=False, round=4, verbose=True, ml_usecase=MLUsecase.CLASSIFICATION, display=None)
2021-11-05 01:04:38,987:INFO:Checking exceptions
2021-11-05 01:04:38,987:INFO:Preloading libraries
2021-11-05 01:07:34,963:INFO:Initializing load_model()
2021-11-05 01:07:34,963:INFO:load_model(model_name=Cusomer_Churn, platform=None, authentication=None, verbose=True)
2021-11-05 01:07:44,106:INFO:Initializing load_model()
2021-11-05 01:07:44,107:INFO:load_model(model_name=Cusomer_Churn, platform=None, authentication=None, verbose=True)
2021-11-05 01:24:29,740:INFO:Initializing load_model()
2021-11-05 01:24:29,740:INFO:load_model(model_name=Cusomer_Churn, platform=None, authentication=None, verbose=True)
2021-11-05 01:24:34,836:INFO:Initializing load_model()
2021-11-05 01:24:34,837:INFO:load_model(model_name=Cusomer_Churn, platform=None, authentication=None, verbose=True)
2021-11-05 01:24:36,886:INFO:Initializing load_model()
2021-11-05 01:24:36,886:INFO:load_model(model_name=Cusomer_Churn, platform=None, authentication=None, verbose=True)
2021-11-05 01:24:36,929:INFO:Initializing predict_model()
2021-11-05 01:24:36,930:INFO:predict_model(estimator=Pipeline(steps=[('dtypes',
                 DataTypes_Auto_infer(features_todrop=['customerID'],
                                      ml_usecase='classification',
                                      target='Churn')),
                ('imputer',
                 Simple_Imputer(categorical_strategy='not_available',
                                fill_value_categorical=None,
                                fill_value_numerical=None,
                                numeric_strategy='mean',
                                target_variable=None)),
                ('new_levels1',
                 New_Catagorical_Levels_in_TestData(replacement_s...
                ('binn', 'passthrough'), ('rem_outliers', 'passthrough'),
                ('cluster_all', 'passthrough'),
                ('dummy', Dummify(target='Churn')),
                ('fix_perfect', Remove_100(target='Churn')),
                ('clean_names', Clean_Colum_Names()),
                ('feature_select', 'passthrough'), ('fix_multi', 'passthrough'),
                ('dfs', 'passthrough'), ('pca', 'passthrough'),
                ['trained_model', AdaBoostClassifier(random_state=162)]]), probability_threshold=None, encoded_labels=False, raw_score=False, round=4, verbose=True, ml_usecase=MLUsecase.CLASSIFICATION, display=None)
2021-11-05 01:24:36,931:INFO:Checking exceptions
2021-11-05 01:24:36,931:INFO:Preloading libraries
2021-11-05 01:24:56,963:INFO:Initializing load_model()
2021-11-05 01:24:56,964:INFO:load_model(model_name=Cusomer_Churn, platform=None, authentication=None, verbose=True)
