2021-11-04 23:09:36,761:INFO:PyCaret Supervised Module
2021-11-04 23:09:36,761:INFO:ML Usecase: classification
2021-11-04 23:09:36,762:INFO:version 2.3.4
2021-11-04 23:09:36,762:INFO:Initializing setup()
2021-11-04 23:09:36,762:INFO:setup(target=Churn, ml_usecase=classification, available_plots={'parameter': 'Hyperparameters', 'auc': 'AUC', 'confusion_matrix': 'Confusion Matrix', 'threshold': 'Threshold', 'pr': 'Precision Recall', 'error': 'Prediction Error', 'class_report': 'Class Report', 'rfe': 'Feature Selection', 'learning': 'Learning Curve', 'manifold': 'Manifold Learning', 'calibration': 'Calibration Curve', 'vc': 'Validation Curve', 'dimension': 'Dimensions', 'feature': 'Feature Importance', 'feature_all': 'Feature Importance (All)', 'boundary': 'Decision Boundary', 'lift': 'Lift Chart', 'gain': 'Gain Chart', 'tree': 'Decision Tree', 'ks': 'KS Statistic Plot'}, train_size=0.7, test_data=None, preprocess=True, imputation_type=simple, iterative_imputation_iters=5, categorical_features=None, categorical_imputation=constant, categorical_iterative_imputer=lightgbm, ordinal_features=None, high_cardinality_features=None, high_cardinality_method=frequency, numeric_features=None, numeric_imputation=mean, numeric_iterative_imputer=lightgbm, date_features=None, ignore_features=['customerID'], normalize=False, normalize_method=zscore, transformation=False, transformation_method=yeo-johnson, handle_unknown_categorical=True, unknown_categorical_method=least_frequent, pca=False, pca_method=linear, pca_components=None, ignore_low_variance=False, combine_rare_levels=False, rare_level_threshold=0.1, bin_numeric_features=None, remove_outliers=False, outliers_threshold=0.05, remove_multicollinearity=False, multicollinearity_threshold=0.9, remove_perfect_collinearity=True, create_clusters=False, cluster_iter=20, polynomial_features=False, polynomial_degree=2, trigonometry_features=False, polynomial_threshold=0.1, group_features=None, group_names=None, feature_selection=False, feature_selection_threshold=0.8, feature_selection_method=classic, feature_interaction=False, feature_ratio=False, interaction_threshold=0.01, fix_imbalance=False, fix_imbalance_method=None, transform_target=False, transform_target_method=box-cox, data_split_shuffle=True, data_split_stratify=False, fold_strategy=stratifiedkfold, fold=10, fold_shuffle=False, fold_groups=None, n_jobs=-1, use_gpu=False, custom_pipeline=None, html=True, session_id=None, log_experiment=False, experiment_name=None, log_plots=False, log_profile=False, log_data=False, silent=False, verbose=True, profile=False, profile_kwargs=None, display=None)
2021-11-04 23:09:36,762:INFO:Checking environment
2021-11-04 23:09:36,762:INFO:python_version: 3.7.12
2021-11-04 23:09:36,762:INFO:python_build: ('default', 'Oct 26 2021 05:35:01')
2021-11-04 23:09:36,762:INFO:machine: AMD64
2021-11-04 23:09:36,762:INFO:platform: Windows-10-10.0.22000-SP0
2021-11-04 23:09:36,763:WARNING:cannot find psutil installation. memory not traceable. Install psutil using pip to enable memory logging.
2021-11-04 23:09:36,763:INFO:Checking libraries
2021-11-04 23:09:36,763:INFO:pd==1.3.4
2021-11-04 23:09:36,763:INFO:numpy==1.19.5
2021-11-04 23:09:36,763:INFO:sklearn==0.23.2
2021-11-04 23:09:36,763:INFO:lightgbm==3.3.1
2021-11-04 23:09:36,764:WARNING:catboost not found
2021-11-04 23:09:36,765:WARNING:xgboost not found
2021-11-04 23:09:37,285:INFO:mlflow==1.21.0
2021-11-04 23:09:37,285:INFO:Checking Exceptions
2021-11-04 23:09:37,285:INFO:Declaring global variables
2021-11-04 23:09:37,285:INFO:USI: 1045
2021-11-04 23:09:37,285:INFO:pycaret_globals: {'imputation_regressor', 'y_train', 'create_model_container', 'y', '_ml_usecase', 'stratify_param', 'experiment__', 'transform_target_param', 'fold_groups_param', 'html_param', 'X_test', 'X', 'pycaret_globals', 'data_before_preprocess', 'fold_shuffle_param', 'target_param', 'fold_param', 'master_model_container', 'y_test', 'USI', 'log_plots_param', 'seed', 'logging_param', 'gpu_param', 'imputation_classifier', 'iterative_imputation_iters_param', 'fold_groups_param_full', 'exp_name_log', '_all_models', '_internal_pipeline', 'fold_generator', 'transform_target_method_param', 'fix_imbalance_method_param', '_available_plots', '_all_metrics', 'display_container', 'X_train', 'prep_pipe', 'fix_imbalance_param', '_all_models_internal', 'n_jobs_param', '_gpu_n_jobs_param'}
2021-11-04 23:09:37,286:INFO:Preparing display monitor
2021-11-04 23:09:37,286:INFO:Preparing display monitor
2021-11-04 23:09:37,299:INFO:Importing libraries
2021-11-04 23:09:37,299:INFO:Copying data for preprocessing
2021-11-04 23:09:37,308:INFO:Declaring preprocessing parameters
2021-11-04 23:09:37,313:INFO:Creating preprocessing pipeline
2021-11-04 23:09:37,349:INFO:Preprocessing pipeline created successfully
2021-11-04 23:09:37,349:ERROR:(Process Exit): setup has been interupted with user command 'quit'. setup must rerun.
2021-11-04 23:09:37,349:INFO:Creating global containers
2021-11-04 23:09:37,350:INFO:Internal pipeline: Pipeline(memory=None, steps=[('empty_step', 'passthrough')], verbose=False)
2021-11-04 23:09:41,789:WARNING:Couldn't import xgboost.XGBClassifier
2021-11-04 23:09:41,790:WARNING:Couldn't import catboost.CatBoostClassifier
2021-11-04 23:09:41,905:WARNING:Couldn't import xgboost.XGBClassifier
2021-11-04 23:09:41,906:WARNING:Couldn't import catboost.CatBoostClassifier
2021-11-04 23:09:41,907:INFO:Creating grid variables
2021-11-04 23:09:41,934:INFO:create_model_container: 0
2021-11-04 23:09:41,934:INFO:master_model_container: 0
2021-11-04 23:09:41,934:INFO:display_container: 1
2021-11-04 23:09:41,950:INFO:Pipeline(memory=None,
         steps=[('dtypes',
                 DataTypes_Auto_infer(categorical_features=[],
                                      display_types=True,
                                      features_todrop=['customerID'],
                                      id_columns=[],
                                      ml_usecase='classification',
                                      numerical_features=[], target='Churn',
                                      time_features=[])),
                ('imputer',
                 Simple_Imputer(categorical_strategy='not_available',
                                fill_value_categorical=None,
                                fill_value_numerical=None,
                                nu...
                ('scaling', 'passthrough'), ('P_transform', 'passthrough'),
                ('binn', 'passthrough'), ('rem_outliers', 'passthrough'),
                ('cluster_all', 'passthrough'),
                ('dummy', Dummify(target='Churn')),
                ('fix_perfect', Remove_100(target='Churn')),
                ('clean_names', Clean_Colum_Names()),
                ('feature_select', 'passthrough'), ('fix_multi', 'passthrough'),
                ('dfs', 'passthrough'), ('pca', 'passthrough')],
         verbose=False)
2021-11-04 23:09:41,950:INFO:setup() succesfully completed......................................
2021-11-04 23:10:32,601:INFO:Initializing compare_models()
2021-11-04 23:10:32,601:INFO:compare_models(include=None, fold=None, round=4, cross_validation=True, sort=AUC, n_select=1, budget_time=None, turbo=True, errors=ignore, fit_kwargs=None, groups=None, verbose=True, display=None, exclude=None)
2021-11-04 23:10:32,601:INFO:Checking exceptions
2021-11-04 23:10:32,602:INFO:Preparing display monitor
2021-11-04 23:10:32,602:INFO:Preparing display monitor
2021-11-04 23:10:32,631:INFO:Initializing Logistic Regression
2021-11-04 23:10:32,632:INFO:Total runtime is 1.663366953531901e-05 minutes
2021-11-04 23:10:32,641:INFO:SubProcess create_model() called ==================================
2021-11-04 23:10:32,642:INFO:Initializing create_model()
2021-11-04 23:10:32,642:INFO:create_model(estimator=lr, fold=StratifiedKFold(n_splits=10, random_state=None, shuffle=False), round=4, cross_validation=True, predict=True, fit_kwargs={}, groups=None, refit=False, verbose=False, system=False, metrics=None, add_to_model_list=True, display=<pycaret.internal.Display.Display object at 0x000002AC8B1DA908>, kwargs={})
2021-11-04 23:10:32,642:INFO:Checking exceptions
2021-11-04 23:10:32,642:INFO:Importing libraries
2021-11-04 23:10:32,642:INFO:Copying training dataset
2021-11-04 23:10:32,643:INFO:Defining folds
2021-11-04 23:10:32,643:INFO:Declaring metric variables
2021-11-04 23:10:32,651:INFO:Importing untrained model
2021-11-04 23:10:32,660:INFO:Logistic Regression Imported succesfully
2021-11-04 23:10:32,677:INFO:Starting cross validation
2021-11-04 23:10:32,677:INFO:Cross validating with StratifiedKFold(n_splits=10, random_state=None, shuffle=False), n_jobs=-1
2021-11-04 23:10:44,105:INFO:Calculating mean and std
2021-11-04 23:10:44,107:INFO:Creating metrics dataframe
2021-11-04 23:10:44,125:INFO:Uploading results into container
2021-11-04 23:10:44,126:INFO:Uploading model into container now
2021-11-04 23:10:44,127:INFO:create_model_container: 1
2021-11-04 23:10:44,127:INFO:master_model_container: 1
2021-11-04 23:10:44,128:INFO:display_container: 2
2021-11-04 23:10:44,129:INFO:LogisticRegression(C=1.0, class_weight=None, dual=False, fit_intercept=True,
                   intercept_scaling=1, l1_ratio=None, max_iter=1000,
                   multi_class='auto', n_jobs=None, penalty='l2',
                   random_state=162, solver='lbfgs', tol=0.0001, verbose=0,
                   warm_start=False)
2021-11-04 23:10:44,129:INFO:create_model() succesfully completed......................................
2021-11-04 23:10:44,325:INFO:SubProcess create_model() end ==================================
2021-11-04 23:10:44,325:INFO:Creating metrics dataframe
2021-11-04 23:10:44,362:INFO:Initializing K Neighbors Classifier
2021-11-04 23:10:44,362:INFO:Total runtime is 0.19551667372385662 minutes
2021-11-04 23:10:44,384:INFO:SubProcess create_model() called ==================================
2021-11-04 23:10:44,385:INFO:Initializing create_model()
2021-11-04 23:10:44,385:INFO:create_model(estimator=knn, fold=StratifiedKFold(n_splits=10, random_state=None, shuffle=False), round=4, cross_validation=True, predict=True, fit_kwargs={}, groups=None, refit=False, verbose=False, system=False, metrics=None, add_to_model_list=True, display=<pycaret.internal.Display.Display object at 0x000002AC8B1DA908>, kwargs={})
2021-11-04 23:10:44,385:INFO:Checking exceptions
2021-11-04 23:10:44,385:INFO:Importing libraries
2021-11-04 23:10:44,385:INFO:Copying training dataset
2021-11-04 23:10:44,387:INFO:Defining folds
2021-11-04 23:10:44,387:INFO:Declaring metric variables
2021-11-04 23:10:44,407:INFO:Importing untrained model
2021-11-04 23:10:44,428:INFO:K Neighbors Classifier Imported succesfully
2021-11-04 23:10:44,475:INFO:Starting cross validation
2021-11-04 23:10:44,476:INFO:Cross validating with StratifiedKFold(n_splits=10, random_state=None, shuffle=False), n_jobs=-1
2021-11-04 23:10:48,536:INFO:Calculating mean and std
2021-11-04 23:10:48,538:INFO:Creating metrics dataframe
2021-11-04 23:10:48,544:INFO:Uploading results into container
2021-11-04 23:10:48,544:INFO:Uploading model into container now
2021-11-04 23:10:48,544:INFO:create_model_container: 2
2021-11-04 23:10:48,544:INFO:master_model_container: 2
2021-11-04 23:10:48,544:INFO:display_container: 2
2021-11-04 23:10:48,545:INFO:KNeighborsClassifier(algorithm='auto', leaf_size=30, metric='minkowski',
                     metric_params=None, n_jobs=-1, n_neighbors=5, p=2,
                     weights='uniform')
2021-11-04 23:10:48,545:INFO:create_model() succesfully completed......................................
2021-11-04 23:10:48,671:INFO:SubProcess create_model() end ==================================
2021-11-04 23:10:48,671:INFO:Creating metrics dataframe
2021-11-04 23:10:48,696:INFO:Initializing Naive Bayes
2021-11-04 23:10:48,696:INFO:Total runtime is 0.26775281031926473 minutes
2021-11-04 23:10:48,710:INFO:SubProcess create_model() called ==================================
2021-11-04 23:10:48,711:INFO:Initializing create_model()
2021-11-04 23:10:48,711:INFO:create_model(estimator=nb, fold=StratifiedKFold(n_splits=10, random_state=None, shuffle=False), round=4, cross_validation=True, predict=True, fit_kwargs={}, groups=None, refit=False, verbose=False, system=False, metrics=None, add_to_model_list=True, display=<pycaret.internal.Display.Display object at 0x000002AC8B1DA908>, kwargs={})
2021-11-04 23:10:48,711:INFO:Checking exceptions
2021-11-04 23:10:48,711:INFO:Importing libraries
2021-11-04 23:10:48,711:INFO:Copying training dataset
2021-11-04 23:10:48,713:INFO:Defining folds
2021-11-04 23:10:48,713:INFO:Declaring metric variables
2021-11-04 23:10:48,726:INFO:Importing untrained model
2021-11-04 23:10:48,738:INFO:Naive Bayes Imported succesfully
2021-11-04 23:10:48,767:INFO:Starting cross validation
2021-11-04 23:10:48,768:INFO:Cross validating with StratifiedKFold(n_splits=10, random_state=None, shuffle=False), n_jobs=-1
2021-11-04 23:10:48,913:INFO:Calculating mean and std
2021-11-04 23:10:48,916:INFO:Creating metrics dataframe
2021-11-04 23:10:48,931:INFO:Uploading results into container
2021-11-04 23:10:48,931:INFO:Uploading model into container now
2021-11-04 23:10:48,932:INFO:create_model_container: 3
2021-11-04 23:10:48,932:INFO:master_model_container: 3
2021-11-04 23:10:48,933:INFO:display_container: 2
2021-11-04 23:10:48,933:INFO:GaussianNB(priors=None, var_smoothing=1e-09)
2021-11-04 23:10:48,934:INFO:create_model() succesfully completed......................................
2021-11-04 23:10:49,106:INFO:SubProcess create_model() end ==================================
2021-11-04 23:10:49,106:INFO:Creating metrics dataframe
2021-11-04 23:10:49,139:INFO:Initializing Decision Tree Classifier
2021-11-04 23:10:49,140:INFO:Total runtime is 0.27515348196029665 minutes
2021-11-04 23:10:49,157:INFO:SubProcess create_model() called ==================================
2021-11-04 23:10:49,158:INFO:Initializing create_model()
2021-11-04 23:10:49,159:INFO:create_model(estimator=dt, fold=StratifiedKFold(n_splits=10, random_state=None, shuffle=False), round=4, cross_validation=True, predict=True, fit_kwargs={}, groups=None, refit=False, verbose=False, system=False, metrics=None, add_to_model_list=True, display=<pycaret.internal.Display.Display object at 0x000002AC8B1DA908>, kwargs={})
2021-11-04 23:10:49,159:INFO:Checking exceptions
2021-11-04 23:10:49,159:INFO:Importing libraries
2021-11-04 23:10:49,159:INFO:Copying training dataset
2021-11-04 23:10:49,161:INFO:Defining folds
2021-11-04 23:10:49,161:INFO:Declaring metric variables
2021-11-04 23:10:49,181:INFO:Importing untrained model
2021-11-04 23:10:49,200:INFO:Decision Tree Classifier Imported succesfully
2021-11-04 23:10:49,235:INFO:Starting cross validation
2021-11-04 23:10:49,237:INFO:Cross validating with StratifiedKFold(n_splits=10, random_state=None, shuffle=False), n_jobs=-1
2021-11-04 23:10:49,423:INFO:Calculating mean and std
2021-11-04 23:10:49,425:INFO:Creating metrics dataframe
2021-11-04 23:10:49,435:INFO:Uploading results into container
2021-11-04 23:10:49,435:INFO:Uploading model into container now
2021-11-04 23:10:49,435:INFO:create_model_container: 4
2021-11-04 23:10:49,435:INFO:master_model_container: 4
2021-11-04 23:10:49,436:INFO:display_container: 2
2021-11-04 23:10:49,437:INFO:DecisionTreeClassifier(ccp_alpha=0.0, class_weight=None, criterion='gini',
                       max_depth=None, max_features=None, max_leaf_nodes=None,
                       min_impurity_decrease=0.0, min_impurity_split=None,
                       min_samples_leaf=1, min_samples_split=2,
                       min_weight_fraction_leaf=0.0, presort='deprecated',
                       random_state=162, splitter='best')
2021-11-04 23:10:49,437:INFO:create_model() succesfully completed......................................
2021-11-04 23:10:49,593:INFO:SubProcess create_model() end ==================================
2021-11-04 23:10:49,593:INFO:Creating metrics dataframe
2021-11-04 23:10:49,629:INFO:Initializing SVM - Linear Kernel
2021-11-04 23:10:49,629:INFO:Total runtime is 0.28330348730087285 minutes
2021-11-04 23:10:49,646:INFO:SubProcess create_model() called ==================================
2021-11-04 23:10:49,647:INFO:Initializing create_model()
2021-11-04 23:10:49,647:INFO:create_model(estimator=svm, fold=StratifiedKFold(n_splits=10, random_state=None, shuffle=False), round=4, cross_validation=True, predict=True, fit_kwargs={}, groups=None, refit=False, verbose=False, system=False, metrics=None, add_to_model_list=True, display=<pycaret.internal.Display.Display object at 0x000002AC8B1DA908>, kwargs={})
2021-11-04 23:10:49,647:INFO:Checking exceptions
2021-11-04 23:10:49,647:INFO:Importing libraries
2021-11-04 23:10:49,647:INFO:Copying training dataset
2021-11-04 23:10:49,649:INFO:Defining folds
2021-11-04 23:10:49,649:INFO:Declaring metric variables
2021-11-04 23:10:49,665:INFO:Importing untrained model
2021-11-04 23:10:49,682:INFO:SVM - Linear Kernel Imported succesfully
2021-11-04 23:10:49,720:INFO:Starting cross validation
2021-11-04 23:10:49,722:INFO:Cross validating with StratifiedKFold(n_splits=10, random_state=None, shuffle=False), n_jobs=-1
2021-11-04 23:10:50,061:INFO:Calculating mean and std
2021-11-04 23:10:50,063:INFO:Creating metrics dataframe
2021-11-04 23:10:50,078:INFO:Uploading results into container
2021-11-04 23:10:50,079:INFO:Uploading model into container now
2021-11-04 23:10:50,079:INFO:create_model_container: 5
2021-11-04 23:10:50,079:INFO:master_model_container: 5
2021-11-04 23:10:50,079:INFO:display_container: 2
2021-11-04 23:10:50,081:INFO:SGDClassifier(alpha=0.0001, average=False, class_weight=None,
              early_stopping=False, epsilon=0.1, eta0=0.001, fit_intercept=True,
              l1_ratio=0.15, learning_rate='optimal', loss='hinge',
              max_iter=1000, n_iter_no_change=5, n_jobs=-1, penalty='l2',
              power_t=0.5, random_state=162, shuffle=True, tol=0.001,
              validation_fraction=0.1, verbose=0, warm_start=False)
2021-11-04 23:10:50,081:INFO:create_model() succesfully completed......................................
2021-11-04 23:10:50,262:INFO:SubProcess create_model() end ==================================
2021-11-04 23:10:50,262:INFO:Creating metrics dataframe
2021-11-04 23:10:50,308:INFO:Initializing Ridge Classifier
2021-11-04 23:10:50,309:INFO:Total runtime is 0.29463627338409426 minutes
2021-11-04 23:10:50,331:INFO:SubProcess create_model() called ==================================
2021-11-04 23:10:50,332:INFO:Initializing create_model()
2021-11-04 23:10:50,332:INFO:create_model(estimator=ridge, fold=StratifiedKFold(n_splits=10, random_state=None, shuffle=False), round=4, cross_validation=True, predict=True, fit_kwargs={}, groups=None, refit=False, verbose=False, system=False, metrics=None, add_to_model_list=True, display=<pycaret.internal.Display.Display object at 0x000002AC8B1DA908>, kwargs={})
2021-11-04 23:10:50,333:INFO:Checking exceptions
2021-11-04 23:10:50,333:INFO:Importing libraries
2021-11-04 23:10:50,333:INFO:Copying training dataset
2021-11-04 23:10:50,336:INFO:Defining folds
2021-11-04 23:10:50,336:INFO:Declaring metric variables
2021-11-04 23:10:50,358:INFO:Importing untrained model
2021-11-04 23:10:50,378:INFO:Ridge Classifier Imported succesfully
2021-11-04 23:10:50,419:INFO:Starting cross validation
2021-11-04 23:10:50,421:INFO:Cross validating with StratifiedKFold(n_splits=10, random_state=None, shuffle=False), n_jobs=-1
2021-11-04 23:10:50,564:INFO:Calculating mean and std
2021-11-04 23:10:50,566:INFO:Creating metrics dataframe
2021-11-04 23:10:50,576:INFO:Uploading results into container
2021-11-04 23:10:50,576:INFO:Uploading model into container now
2021-11-04 23:10:50,576:INFO:create_model_container: 6
2021-11-04 23:10:50,576:INFO:master_model_container: 6
2021-11-04 23:10:50,576:INFO:display_container: 2
2021-11-04 23:10:50,577:INFO:RidgeClassifier(alpha=1.0, class_weight=None, copy_X=True, fit_intercept=True,
                max_iter=None, normalize=False, random_state=162, solver='auto',
                tol=0.001)
2021-11-04 23:10:50,577:INFO:create_model() succesfully completed......................................
2021-11-04 23:10:50,735:INFO:SubProcess create_model() end ==================================
2021-11-04 23:10:50,735:INFO:Creating metrics dataframe
2021-11-04 23:10:50,775:INFO:Initializing Random Forest Classifier
2021-11-04 23:10:50,775:INFO:Total runtime is 0.3024035453796387 minutes
2021-11-04 23:10:50,793:INFO:SubProcess create_model() called ==================================
2021-11-04 23:10:50,794:INFO:Initializing create_model()
2021-11-04 23:10:50,794:INFO:create_model(estimator=rf, fold=StratifiedKFold(n_splits=10, random_state=None, shuffle=False), round=4, cross_validation=True, predict=True, fit_kwargs={}, groups=None, refit=False, verbose=False, system=False, metrics=None, add_to_model_list=True, display=<pycaret.internal.Display.Display object at 0x000002AC8B1DA908>, kwargs={})
2021-11-04 23:10:50,794:INFO:Checking exceptions
2021-11-04 23:10:50,794:INFO:Importing libraries
2021-11-04 23:10:50,794:INFO:Copying training dataset
2021-11-04 23:10:50,796:INFO:Defining folds
2021-11-04 23:10:50,796:INFO:Declaring metric variables
2021-11-04 23:10:50,813:INFO:Importing untrained model
2021-11-04 23:10:50,830:INFO:Random Forest Classifier Imported succesfully
2021-11-04 23:10:50,866:INFO:Starting cross validation
2021-11-04 23:10:50,867:INFO:Cross validating with StratifiedKFold(n_splits=10, random_state=None, shuffle=False), n_jobs=-1
2021-11-04 23:10:54,078:INFO:Calculating mean and std
2021-11-04 23:10:54,080:INFO:Creating metrics dataframe
2021-11-04 23:10:54,090:INFO:Uploading results into container
2021-11-04 23:10:54,090:INFO:Uploading model into container now
2021-11-04 23:10:54,090:INFO:create_model_container: 7
2021-11-04 23:10:54,090:INFO:master_model_container: 7
2021-11-04 23:10:54,090:INFO:display_container: 2
2021-11-04 23:10:54,092:INFO:RandomForestClassifier(bootstrap=True, ccp_alpha=0.0, class_weight=None,
                       criterion='gini', max_depth=None, max_features='auto',
                       max_leaf_nodes=None, max_samples=None,
                       min_impurity_decrease=0.0, min_impurity_split=None,
                       min_samples_leaf=1, min_samples_split=2,
                       min_weight_fraction_leaf=0.0, n_estimators=100,
                       n_jobs=-1, oob_score=False, random_state=162, verbose=0,
                       warm_start=False)
2021-11-04 23:10:54,092:INFO:create_model() succesfully completed......................................
2021-11-04 23:10:54,266:INFO:SubProcess create_model() end ==================================
2021-11-04 23:10:54,266:INFO:Creating metrics dataframe
2021-11-04 23:10:54,306:INFO:Initializing Quadratic Discriminant Analysis
2021-11-04 23:10:54,307:INFO:Total runtime is 0.3612695932388306 minutes
2021-11-04 23:10:54,327:INFO:SubProcess create_model() called ==================================
2021-11-04 23:10:54,327:INFO:Initializing create_model()
2021-11-04 23:10:54,327:INFO:create_model(estimator=qda, fold=StratifiedKFold(n_splits=10, random_state=None, shuffle=False), round=4, cross_validation=True, predict=True, fit_kwargs={}, groups=None, refit=False, verbose=False, system=False, metrics=None, add_to_model_list=True, display=<pycaret.internal.Display.Display object at 0x000002AC8B1DA908>, kwargs={})
2021-11-04 23:10:54,328:INFO:Checking exceptions
2021-11-04 23:10:54,328:INFO:Importing libraries
2021-11-04 23:10:54,328:INFO:Copying training dataset
2021-11-04 23:10:54,343:INFO:Defining folds
2021-11-04 23:10:54,344:INFO:Declaring metric variables
2021-11-04 23:10:54,371:INFO:Importing untrained model
2021-11-04 23:10:54,393:INFO:Quadratic Discriminant Analysis Imported succesfully
2021-11-04 23:10:54,440:INFO:Starting cross validation
2021-11-04 23:10:54,442:INFO:Cross validating with StratifiedKFold(n_splits=10, random_state=None, shuffle=False), n_jobs=-1
2021-11-04 23:10:54,649:INFO:Calculating mean and std
2021-11-04 23:10:54,652:INFO:Creating metrics dataframe
2021-11-04 23:10:54,662:INFO:Uploading results into container
2021-11-04 23:10:54,663:INFO:Uploading model into container now
2021-11-04 23:10:54,663:INFO:create_model_container: 8
2021-11-04 23:10:54,664:INFO:master_model_container: 8
2021-11-04 23:10:54,664:INFO:display_container: 2
2021-11-04 23:10:54,665:INFO:QuadraticDiscriminantAnalysis(priors=None, reg_param=0.0,
                              store_covariance=False, tol=0.0001)
2021-11-04 23:10:54,665:INFO:create_model() succesfully completed......................................
2021-11-04 23:10:54,836:INFO:SubProcess create_model() end ==================================
2021-11-04 23:10:54,837:INFO:Creating metrics dataframe
2021-11-04 23:10:54,879:INFO:Initializing Ada Boost Classifier
2021-11-04 23:10:54,880:INFO:Total runtime is 0.3708035906155905 minutes
2021-11-04 23:10:54,898:INFO:SubProcess create_model() called ==================================
2021-11-04 23:10:54,899:INFO:Initializing create_model()
2021-11-04 23:10:54,899:INFO:create_model(estimator=ada, fold=StratifiedKFold(n_splits=10, random_state=None, shuffle=False), round=4, cross_validation=True, predict=True, fit_kwargs={}, groups=None, refit=False, verbose=False, system=False, metrics=None, add_to_model_list=True, display=<pycaret.internal.Display.Display object at 0x000002AC8B1DA908>, kwargs={})
2021-11-04 23:10:54,900:INFO:Checking exceptions
2021-11-04 23:10:54,900:INFO:Importing libraries
2021-11-04 23:10:54,900:INFO:Copying training dataset
2021-11-04 23:10:54,902:INFO:Defining folds
2021-11-04 23:10:54,902:INFO:Declaring metric variables
2021-11-04 23:10:54,922:INFO:Importing untrained model
2021-11-04 23:10:54,943:INFO:Ada Boost Classifier Imported succesfully
2021-11-04 23:10:54,986:INFO:Starting cross validation
2021-11-04 23:10:54,987:INFO:Cross validating with StratifiedKFold(n_splits=10, random_state=None, shuffle=False), n_jobs=-1
2021-11-04 23:10:56,208:INFO:Calculating mean and std
2021-11-04 23:10:56,210:INFO:Creating metrics dataframe
2021-11-04 23:10:56,231:INFO:Uploading results into container
2021-11-04 23:10:56,232:INFO:Uploading model into container now
2021-11-04 23:10:56,232:INFO:create_model_container: 9
2021-11-04 23:10:56,233:INFO:master_model_container: 9
2021-11-04 23:10:56,234:INFO:display_container: 2
2021-11-04 23:10:56,235:INFO:AdaBoostClassifier(algorithm='SAMME.R', base_estimator=None, learning_rate=1.0,
                   n_estimators=50, random_state=162)
2021-11-04 23:10:56,236:INFO:create_model() succesfully completed......................................
2021-11-04 23:10:56,424:INFO:SubProcess create_model() end ==================================
2021-11-04 23:10:56,425:INFO:Creating metrics dataframe
2021-11-04 23:10:56,467:INFO:Initializing Gradient Boosting Classifier
2021-11-04 23:10:56,467:INFO:Total runtime is 0.397270162900289 minutes
2021-11-04 23:10:56,485:INFO:SubProcess create_model() called ==================================
2021-11-04 23:10:56,486:INFO:Initializing create_model()
2021-11-04 23:10:56,486:INFO:create_model(estimator=gbc, fold=StratifiedKFold(n_splits=10, random_state=None, shuffle=False), round=4, cross_validation=True, predict=True, fit_kwargs={}, groups=None, refit=False, verbose=False, system=False, metrics=None, add_to_model_list=True, display=<pycaret.internal.Display.Display object at 0x000002AC8B1DA908>, kwargs={})
2021-11-04 23:10:56,486:INFO:Checking exceptions
2021-11-04 23:10:56,486:INFO:Importing libraries
2021-11-04 23:10:56,487:INFO:Copying training dataset
2021-11-04 23:10:56,488:INFO:Defining folds
2021-11-04 23:10:56,489:INFO:Declaring metric variables
2021-11-04 23:10:56,507:INFO:Importing untrained model
2021-11-04 23:10:56,526:INFO:Gradient Boosting Classifier Imported succesfully
2021-11-04 23:10:56,567:INFO:Starting cross validation
2021-11-04 23:10:56,569:INFO:Cross validating with StratifiedKFold(n_splits=10, random_state=None, shuffle=False), n_jobs=-1
2021-11-04 23:10:59,704:INFO:Calculating mean and std
2021-11-04 23:10:59,709:INFO:Creating metrics dataframe
2021-11-04 23:10:59,731:INFO:Uploading results into container
2021-11-04 23:10:59,732:INFO:Uploading model into container now
2021-11-04 23:10:59,732:INFO:create_model_container: 10
2021-11-04 23:10:59,733:INFO:master_model_container: 10
2021-11-04 23:10:59,734:INFO:display_container: 2
2021-11-04 23:10:59,738:INFO:GradientBoostingClassifier(ccp_alpha=0.0, criterion='friedman_mse', init=None,
                           learning_rate=0.1, loss='deviance', max_depth=3,
                           max_features=None, max_leaf_nodes=None,
                           min_impurity_decrease=0.0, min_impurity_split=None,
                           min_samples_leaf=1, min_samples_split=2,
                           min_weight_fraction_leaf=0.0, n_estimators=100,
                           n_iter_no_change=None, presort='deprecated',
                           random_state=162, subsample=1.0, tol=0.0001,
                           validation_fraction=0.1, verbose=0,
                           warm_start=False)
2021-11-04 23:10:59,739:INFO:create_model() succesfully completed......................................
2021-11-04 23:10:59,968:INFO:SubProcess create_model() end ==================================
2021-11-04 23:10:59,968:INFO:Creating metrics dataframe
2021-11-04 23:11:00,016:INFO:Initializing Linear Discriminant Analysis
2021-11-04 23:11:00,017:INFO:Total runtime is 0.4564361214637757 minutes
2021-11-04 23:11:00,039:INFO:SubProcess create_model() called ==================================
2021-11-04 23:11:00,040:INFO:Initializing create_model()
2021-11-04 23:11:00,040:INFO:create_model(estimator=lda, fold=StratifiedKFold(n_splits=10, random_state=None, shuffle=False), round=4, cross_validation=True, predict=True, fit_kwargs={}, groups=None, refit=False, verbose=False, system=False, metrics=None, add_to_model_list=True, display=<pycaret.internal.Display.Display object at 0x000002AC8B1DA908>, kwargs={})
2021-11-04 23:11:00,040:INFO:Checking exceptions
2021-11-04 23:11:00,040:INFO:Importing libraries
2021-11-04 23:11:00,040:INFO:Copying training dataset
2021-11-04 23:11:00,042:INFO:Defining folds
2021-11-04 23:11:00,042:INFO:Declaring metric variables
2021-11-04 23:11:00,062:INFO:Importing untrained model
2021-11-04 23:11:00,084:INFO:Linear Discriminant Analysis Imported succesfully
2021-11-04 23:11:00,130:INFO:Starting cross validation
2021-11-04 23:11:00,132:INFO:Cross validating with StratifiedKFold(n_splits=10, random_state=None, shuffle=False), n_jobs=-1
2021-11-04 23:11:00,361:INFO:Calculating mean and std
2021-11-04 23:11:00,363:INFO:Creating metrics dataframe
2021-11-04 23:11:00,377:INFO:Uploading results into container
2021-11-04 23:11:00,378:INFO:Uploading model into container now
2021-11-04 23:11:00,378:INFO:create_model_container: 11
2021-11-04 23:11:00,379:INFO:master_model_container: 11
2021-11-04 23:11:00,379:INFO:display_container: 2
2021-11-04 23:11:00,380:INFO:LinearDiscriminantAnalysis(n_components=None, priors=None, shrinkage=None,
                           solver='svd', store_covariance=False, tol=0.0001)
2021-11-04 23:11:00,381:INFO:create_model() succesfully completed......................................
2021-11-04 23:11:00,563:INFO:SubProcess create_model() end ==================================
2021-11-04 23:11:00,564:INFO:Creating metrics dataframe
2021-11-04 23:11:00,608:INFO:Initializing Extra Trees Classifier
2021-11-04 23:11:00,609:INFO:Total runtime is 0.46630278825759897 minutes
2021-11-04 23:11:00,628:INFO:SubProcess create_model() called ==================================
2021-11-04 23:11:00,629:INFO:Initializing create_model()
2021-11-04 23:11:00,629:INFO:create_model(estimator=et, fold=StratifiedKFold(n_splits=10, random_state=None, shuffle=False), round=4, cross_validation=True, predict=True, fit_kwargs={}, groups=None, refit=False, verbose=False, system=False, metrics=None, add_to_model_list=True, display=<pycaret.internal.Display.Display object at 0x000002AC8B1DA908>, kwargs={})
2021-11-04 23:11:00,629:INFO:Checking exceptions
2021-11-04 23:11:00,629:INFO:Importing libraries
2021-11-04 23:11:00,629:INFO:Copying training dataset
2021-11-04 23:11:00,631:INFO:Defining folds
2021-11-04 23:11:00,632:INFO:Declaring metric variables
2021-11-04 23:11:00,649:INFO:Importing untrained model
2021-11-04 23:11:00,669:INFO:Extra Trees Classifier Imported succesfully
2021-11-04 23:11:00,707:INFO:Starting cross validation
2021-11-04 23:11:00,708:INFO:Cross validating with StratifiedKFold(n_splits=10, random_state=None, shuffle=False), n_jobs=-1
2021-11-04 23:11:03,894:INFO:Calculating mean and std
2021-11-04 23:11:03,899:INFO:Creating metrics dataframe
2021-11-04 23:11:03,930:INFO:Uploading results into container
2021-11-04 23:11:03,930:INFO:Uploading model into container now
2021-11-04 23:11:03,931:INFO:create_model_container: 12
2021-11-04 23:11:03,932:INFO:master_model_container: 12
2021-11-04 23:11:03,932:INFO:display_container: 2
2021-11-04 23:11:03,935:INFO:ExtraTreesClassifier(bootstrap=False, ccp_alpha=0.0, class_weight=None,
                     criterion='gini', max_depth=None, max_features='auto',
                     max_leaf_nodes=None, max_samples=None,
                     min_impurity_decrease=0.0, min_impurity_split=None,
                     min_samples_leaf=1, min_samples_split=2,
                     min_weight_fraction_leaf=0.0, n_estimators=100, n_jobs=-1,
                     oob_score=False, random_state=162, verbose=0,
                     warm_start=False)
2021-11-04 23:11:03,936:INFO:create_model() succesfully completed......................................
2021-11-04 23:11:04,175:INFO:SubProcess create_model() end ==================================
2021-11-04 23:11:04,175:INFO:Creating metrics dataframe
2021-11-04 23:11:04,227:INFO:Initializing Light Gradient Boosting Machine
2021-11-04 23:11:04,227:INFO:Total runtime is 0.5266027569770814 minutes
2021-11-04 23:11:04,253:INFO:SubProcess create_model() called ==================================
2021-11-04 23:11:04,254:INFO:Initializing create_model()
2021-11-04 23:11:04,255:INFO:create_model(estimator=lightgbm, fold=StratifiedKFold(n_splits=10, random_state=None, shuffle=False), round=4, cross_validation=True, predict=True, fit_kwargs={}, groups=None, refit=False, verbose=False, system=False, metrics=None, add_to_model_list=True, display=<pycaret.internal.Display.Display object at 0x000002AC8B1DA908>, kwargs={})
2021-11-04 23:11:04,255:INFO:Checking exceptions
2021-11-04 23:11:04,255:INFO:Importing libraries
2021-11-04 23:11:04,256:INFO:Copying training dataset
2021-11-04 23:11:04,257:INFO:Defining folds
2021-11-04 23:11:04,258:INFO:Declaring metric variables
2021-11-04 23:11:04,288:INFO:Importing untrained model
2021-11-04 23:11:04,314:INFO:Light Gradient Boosting Machine Imported succesfully
2021-11-04 23:11:04,361:INFO:Starting cross validation
2021-11-04 23:11:04,364:INFO:Cross validating with StratifiedKFold(n_splits=10, random_state=None, shuffle=False), n_jobs=-1
2021-11-04 23:11:05,071:INFO:Calculating mean and std
2021-11-04 23:11:05,076:INFO:Creating metrics dataframe
2021-11-04 23:11:05,102:INFO:Uploading results into container
2021-11-04 23:11:05,103:INFO:Uploading model into container now
2021-11-04 23:11:05,104:INFO:create_model_container: 13
2021-11-04 23:11:05,104:INFO:master_model_container: 13
2021-11-04 23:11:05,105:INFO:display_container: 2
2021-11-04 23:11:05,108:INFO:LGBMClassifier(boosting_type='gbdt', class_weight=None, colsample_bytree=1.0,
               importance_type='split', learning_rate=0.1, max_depth=-1,
               min_child_samples=20, min_child_weight=0.001, min_split_gain=0.0,
               n_estimators=100, n_jobs=-1, num_leaves=31, objective=None,
               random_state=162, reg_alpha=0.0, reg_lambda=0.0, silent='warn',
               subsample=1.0, subsample_for_bin=200000, subsample_freq=0)
2021-11-04 23:11:05,108:INFO:create_model() succesfully completed......................................
2021-11-04 23:11:05,338:INFO:SubProcess create_model() end ==================================
2021-11-04 23:11:05,339:INFO:Creating metrics dataframe
2021-11-04 23:11:05,425:INFO:Initializing create_model()
2021-11-04 23:11:05,425:INFO:create_model(estimator=AdaBoostClassifier(algorithm='SAMME.R', base_estimator=None, learning_rate=1.0,
                   n_estimators=50, random_state=162), fold=StratifiedKFold(n_splits=10, random_state=None, shuffle=False), round=4, cross_validation=False, predict=False, fit_kwargs={}, groups=None, refit=True, verbose=False, system=False, metrics=None, add_to_model_list=True, display=None, kwargs={})
2021-11-04 23:11:05,425:INFO:Checking exceptions
2021-11-04 23:11:05,426:INFO:Importing libraries
2021-11-04 23:11:05,426:INFO:Copying training dataset
2021-11-04 23:11:05,427:INFO:Defining folds
2021-11-04 23:11:05,428:INFO:Declaring metric variables
2021-11-04 23:11:05,428:INFO:Importing untrained model
2021-11-04 23:11:05,428:INFO:Declaring custom model
2021-11-04 23:11:05,430:INFO:Ada Boost Classifier Imported succesfully
2021-11-04 23:11:05,431:INFO:Cross validation set to False
2021-11-04 23:11:05,431:INFO:Fitting Model
2021-11-04 23:11:05,865:INFO:AdaBoostClassifier(algorithm='SAMME.R', base_estimator=None, learning_rate=1.0,
                   n_estimators=50, random_state=162)
2021-11-04 23:11:05,865:INFO:create_models() succesfully completed......................................
2021-11-04 23:11:06,037:INFO:create_model_container: 13
2021-11-04 23:11:06,037:INFO:master_model_container: 13
2021-11-04 23:11:06,037:INFO:display_container: 2
2021-11-04 23:11:06,038:INFO:AdaBoostClassifier(algorithm='SAMME.R', base_estimator=None, learning_rate=1.0,
                   n_estimators=50, random_state=162)
2021-11-04 23:11:06,038:INFO:compare_models() succesfully completed......................................
2021-11-04 23:14:52,105:INFO:Initializing tune_model()
2021-11-04 23:14:52,105:INFO:tune_model(estimator=AdaBoostClassifier(algorithm='SAMME.R', base_estimator=None, learning_rate=1.0,
                   n_estimators=50, random_state=162), fold=None, round=4, n_iter=10, custom_grid=None, optimize=Accuracy, custom_scorer=None, search_library=scikit-learn, search_algorithm=None, early_stopping=False, early_stopping_max_iters=10, choose_better=False, fit_kwargs=None, groups=None, return_tuner=False, verbose=True, tuner_verbose=True, display=None, kwargs={})
2021-11-04 23:14:52,105:INFO:Checking exceptions
2021-11-04 23:14:52,107:INFO:Preparing display monitor
2021-11-04 23:14:52,124:INFO:Copying training dataset
2021-11-04 23:14:52,125:INFO:Checking base model
2021-11-04 23:14:52,126:INFO:Base model : Ada Boost Classifier
2021-11-04 23:14:52,135:INFO:Declaring metric variables
2021-11-04 23:14:52,142:INFO:Defining Hyperparameters
2021-11-04 23:14:52,242:INFO:Tuning with n_jobs=-1
2021-11-04 23:14:52,242:INFO:Initializing RandomizedSearchCV
2021-11-04 23:15:22,430:INFO:best_params: {'actual_estimator__n_estimators': 130, 'actual_estimator__learning_rate': 0.15, 'actual_estimator__algorithm': 'SAMME.R'}
2021-11-04 23:15:22,431:INFO:Hyperparameter search completed
2021-11-04 23:15:22,431:INFO:SubProcess create_model() called ==================================
2021-11-04 23:15:22,432:INFO:Initializing create_model()
2021-11-04 23:15:22,433:INFO:create_model(estimator=AdaBoostClassifier(algorithm='SAMME.R', base_estimator=None, learning_rate=1.0,
                   n_estimators=50, random_state=162), fold=StratifiedKFold(n_splits=10, random_state=None, shuffle=False), round=4, cross_validation=True, predict=True, fit_kwargs={}, groups=None, refit=True, verbose=True, system=False, metrics=None, add_to_model_list=True, display=<pycaret.internal.Display.Display object at 0x000002AC8B42C348>, kwargs={'n_estimators': 130, 'learning_rate': 0.15, 'algorithm': 'SAMME.R'})
2021-11-04 23:15:22,433:INFO:Checking exceptions
2021-11-04 23:15:22,434:INFO:Importing libraries
2021-11-04 23:15:22,434:INFO:Copying training dataset
2021-11-04 23:15:22,435:INFO:Defining folds
2021-11-04 23:15:22,436:INFO:Declaring metric variables
2021-11-04 23:15:22,455:INFO:Importing untrained model
2021-11-04 23:15:22,455:INFO:Declaring custom model
2021-11-04 23:15:22,476:INFO:Ada Boost Classifier Imported succesfully
2021-11-04 23:15:22,519:INFO:Starting cross validation
2021-11-04 23:15:22,521:INFO:Cross validating with StratifiedKFold(n_splits=10, random_state=None, shuffle=False), n_jobs=-1
2021-11-04 23:15:25,656:INFO:Calculating mean and std
2021-11-04 23:15:25,660:INFO:Creating metrics dataframe
2021-11-04 23:15:25,715:INFO:Finalizing model
2021-11-04 23:15:26,811:INFO:Uploading results into container
2021-11-04 23:15:26,812:INFO:Uploading model into container now
2021-11-04 23:15:26,812:INFO:create_model_container: 14
2021-11-04 23:15:26,812:INFO:master_model_container: 14
2021-11-04 23:15:26,812:INFO:display_container: 3
2021-11-04 23:15:26,812:INFO:AdaBoostClassifier(algorithm='SAMME.R', base_estimator=None, learning_rate=0.15,
                   n_estimators=130, random_state=162)
2021-11-04 23:15:26,812:INFO:create_model() succesfully completed......................................
2021-11-04 23:15:26,921:INFO:SubProcess create_model() end ==================================
2021-11-04 23:15:26,937:INFO:create_model_container: 14
2021-11-04 23:15:26,937:INFO:master_model_container: 14
2021-11-04 23:15:26,937:INFO:display_container: 3
2021-11-04 23:15:26,937:INFO:AdaBoostClassifier(algorithm='SAMME.R', base_estimator=None, learning_rate=0.15,
                   n_estimators=130, random_state=162)
2021-11-04 23:15:26,937:INFO:tune_model() succesfully completed......................................
2021-11-04 23:16:04,487:INFO:Initializing plot_model()
2021-11-04 23:16:04,487:INFO:plot_model(fold=None, use_train_data=False, verbose=True, is_in_evaluate=False, display=None, display_format=None, estimator=AdaBoostClassifier(algorithm='SAMME.R', base_estimator=None, learning_rate=0.15,
                   n_estimators=130, random_state=162), feature_name=None, fit_kwargs=None, groups=None, label=False, plot=auc, save=False, scale=1, system=True)
2021-11-04 23:16:04,487:INFO:Checking exceptions
2021-11-04 23:16:04,493:INFO:Preparing display monitor
2021-11-04 23:16:04,500:INFO:Preloading libraries
2021-11-04 23:16:04,514:INFO:Copying training dataset
2021-11-04 23:16:04,515:INFO:Copying test dataset
2021-11-04 23:16:04,516:INFO:Plot type: auc
2021-11-04 23:16:04,670:INFO:Fitting Model
2021-11-04 23:16:04,671:INFO:Scoring test/hold-out set
2021-11-04 23:16:04,942:INFO:Visual Rendered Successfully
2021-11-04 23:16:05,045:INFO:plot_model() succesfully completed......................................
2021-11-04 23:16:07,770:INFO:Initializing plot_model()
2021-11-04 23:16:07,770:INFO:plot_model(fold=None, use_train_data=False, verbose=True, is_in_evaluate=False, display=None, display_format=None, estimator=AdaBoostClassifier(algorithm='SAMME.R', base_estimator=None, learning_rate=0.15,
                   n_estimators=130, random_state=162), feature_name=None, fit_kwargs=None, groups=None, label=False, plot=feature, save=False, scale=1, system=True)
2021-11-04 23:16:07,771:INFO:Checking exceptions
2021-11-04 23:16:07,776:INFO:Preparing display monitor
2021-11-04 23:16:07,785:INFO:Preloading libraries
2021-11-04 23:16:07,797:INFO:Copying training dataset
2021-11-04 23:16:07,798:INFO:Copying test dataset
2021-11-04 23:16:07,798:INFO:Plot type: feature
2021-11-04 23:16:07,807:WARNING:No coef_ found. Trying feature_importances_
2021-11-04 23:16:07,941:INFO:Visual Rendered Successfully
2021-11-04 23:16:08,035:INFO:plot_model() succesfully completed......................................
2021-11-04 23:16:10,290:INFO:Initializing plot_model()
2021-11-04 23:16:10,291:INFO:plot_model(fold=None, use_train_data=False, verbose=True, is_in_evaluate=False, display=None, display_format=None, estimator=AdaBoostClassifier(algorithm='SAMME.R', base_estimator=None, learning_rate=0.15,
                   n_estimators=130, random_state=162), feature_name=None, fit_kwargs=None, groups=None, label=False, plot=confusion_matrix, save=False, scale=1, system=True)
2021-11-04 23:16:10,291:INFO:Checking exceptions
2021-11-04 23:16:10,295:INFO:Preparing display monitor
2021-11-04 23:16:10,305:INFO:Preloading libraries
2021-11-04 23:16:10,318:INFO:Copying training dataset
2021-11-04 23:16:10,319:INFO:Copying test dataset
2021-11-04 23:16:10,319:INFO:Plot type: confusion_matrix
2021-11-04 23:16:10,329:INFO:Fitting Model
2021-11-04 23:16:10,330:INFO:Scoring test/hold-out set
2021-11-04 23:16:10,571:INFO:Visual Rendered Successfully
2021-11-04 23:16:10,679:INFO:plot_model() succesfully completed......................................
2021-11-04 23:16:15,913:INFO:Initializing compare_models()
2021-11-04 23:16:15,913:INFO:compare_models(include=None, fold=None, round=4, cross_validation=True, sort=Profit, n_select=1, budget_time=None, turbo=True, errors=ignore, fit_kwargs=None, groups=None, verbose=True, display=None, exclude=None)
2021-11-04 23:16:15,913:INFO:Checking exceptions
2021-11-04 23:16:15,914:INFO:Preparing display monitor
2021-11-04 23:16:15,914:INFO:Preparing display monitor
2021-11-04 23:16:15,943:INFO:Initializing Logistic Regression
2021-11-04 23:16:15,943:INFO:Total runtime is 0.0 minutes
2021-11-04 23:16:15,952:INFO:SubProcess create_model() called ==================================
2021-11-04 23:16:15,953:INFO:Initializing create_model()
2021-11-04 23:16:15,953:INFO:create_model(estimator=lr, fold=StratifiedKFold(n_splits=10, random_state=None, shuffle=False), round=4, cross_validation=True, predict=True, fit_kwargs={}, groups=None, refit=False, verbose=False, system=False, metrics=None, add_to_model_list=True, display=<pycaret.internal.Display.Display object at 0x000002AC8B6FC5C8>, kwargs={})
2021-11-04 23:16:15,953:INFO:Checking exceptions
2021-11-04 23:16:15,953:INFO:Importing libraries
2021-11-04 23:16:15,953:INFO:Copying training dataset
2021-11-04 23:16:15,954:INFO:Defining folds
2021-11-04 23:16:15,954:INFO:Declaring metric variables
2021-11-04 23:16:15,963:INFO:Importing untrained model
2021-11-04 23:16:15,972:INFO:Logistic Regression Imported succesfully
2021-11-04 23:16:15,993:INFO:Starting cross validation
2021-11-04 23:16:15,993:INFO:Cross validating with StratifiedKFold(n_splits=10, random_state=None, shuffle=False), n_jobs=-1
2021-11-04 23:16:16,408:INFO:Calculating mean and std
2021-11-04 23:16:16,409:INFO:Creating metrics dataframe
2021-11-04 23:16:16,415:INFO:Uploading results into container
2021-11-04 23:16:16,415:INFO:Uploading model into container now
2021-11-04 23:16:16,415:INFO:create_model_container: 15
2021-11-04 23:16:16,415:INFO:master_model_container: 15
2021-11-04 23:16:16,415:INFO:display_container: 4
2021-11-04 23:16:16,416:INFO:LogisticRegression(C=1.0, class_weight=None, dual=False, fit_intercept=True,
                   intercept_scaling=1, l1_ratio=None, max_iter=1000,
                   multi_class='auto', n_jobs=None, penalty='l2',
                   random_state=162, solver='lbfgs', tol=0.0001, verbose=0,
                   warm_start=False)
2021-11-04 23:16:16,416:INFO:create_model() succesfully completed......................................
2021-11-04 23:16:16,536:INFO:SubProcess create_model() end ==================================
2021-11-04 23:16:16,536:INFO:Creating metrics dataframe
2021-11-04 23:16:16,562:INFO:Initializing K Neighbors Classifier
2021-11-04 23:16:16,562:INFO:Total runtime is 0.010316685835520426 minutes
2021-11-04 23:16:16,574:INFO:SubProcess create_model() called ==================================
2021-11-04 23:16:16,575:INFO:Initializing create_model()
2021-11-04 23:16:16,575:INFO:create_model(estimator=knn, fold=StratifiedKFold(n_splits=10, random_state=None, shuffle=False), round=4, cross_validation=True, predict=True, fit_kwargs={}, groups=None, refit=False, verbose=False, system=False, metrics=None, add_to_model_list=True, display=<pycaret.internal.Display.Display object at 0x000002AC8B6FC5C8>, kwargs={})
2021-11-04 23:16:16,575:INFO:Checking exceptions
2021-11-04 23:16:16,576:INFO:Importing libraries
2021-11-04 23:16:16,576:INFO:Copying training dataset
2021-11-04 23:16:16,577:INFO:Defining folds
2021-11-04 23:16:16,577:INFO:Declaring metric variables
2021-11-04 23:16:16,593:INFO:Importing untrained model
2021-11-04 23:16:16,618:INFO:K Neighbors Classifier Imported succesfully
2021-11-04 23:16:16,646:INFO:Starting cross validation
2021-11-04 23:16:16,647:INFO:Cross validating with StratifiedKFold(n_splits=10, random_state=None, shuffle=False), n_jobs=-1
2021-11-04 23:16:17,129:INFO:Calculating mean and std
2021-11-04 23:16:17,130:INFO:Creating metrics dataframe
2021-11-04 23:16:17,139:INFO:Uploading results into container
2021-11-04 23:16:17,139:INFO:Uploading model into container now
2021-11-04 23:16:17,139:INFO:create_model_container: 16
2021-11-04 23:16:17,139:INFO:master_model_container: 16
2021-11-04 23:16:17,140:INFO:display_container: 4
2021-11-04 23:16:17,140:INFO:KNeighborsClassifier(algorithm='auto', leaf_size=30, metric='minkowski',
                     metric_params=None, n_jobs=-1, n_neighbors=5, p=2,
                     weights='uniform')
2021-11-04 23:16:17,140:INFO:create_model() succesfully completed......................................
2021-11-04 23:16:17,292:INFO:SubProcess create_model() end ==================================
2021-11-04 23:16:17,293:INFO:Creating metrics dataframe
2021-11-04 23:16:17,340:INFO:Initializing Naive Bayes
2021-11-04 23:16:17,340:INFO:Total runtime is 0.023284037907918297 minutes
2021-11-04 23:16:17,360:INFO:SubProcess create_model() called ==================================
2021-11-04 23:16:17,361:INFO:Initializing create_model()
2021-11-04 23:16:17,361:INFO:create_model(estimator=nb, fold=StratifiedKFold(n_splits=10, random_state=None, shuffle=False), round=4, cross_validation=True, predict=True, fit_kwargs={}, groups=None, refit=False, verbose=False, system=False, metrics=None, add_to_model_list=True, display=<pycaret.internal.Display.Display object at 0x000002AC8B6FC5C8>, kwargs={})
2021-11-04 23:16:17,361:INFO:Checking exceptions
2021-11-04 23:16:17,361:INFO:Importing libraries
2021-11-04 23:16:17,362:INFO:Copying training dataset
2021-11-04 23:16:17,363:INFO:Defining folds
2021-11-04 23:16:17,364:INFO:Declaring metric variables
2021-11-04 23:16:17,384:INFO:Importing untrained model
2021-11-04 23:16:17,406:INFO:Naive Bayes Imported succesfully
2021-11-04 23:16:17,450:INFO:Starting cross validation
2021-11-04 23:16:17,451:INFO:Cross validating with StratifiedKFold(n_splits=10, random_state=None, shuffle=False), n_jobs=-1
2021-11-04 23:16:17,639:INFO:Calculating mean and std
2021-11-04 23:16:17,641:INFO:Creating metrics dataframe
2021-11-04 23:16:17,656:INFO:Uploading results into container
2021-11-04 23:16:17,656:INFO:Uploading model into container now
2021-11-04 23:16:17,657:INFO:create_model_container: 17
2021-11-04 23:16:17,657:INFO:master_model_container: 17
2021-11-04 23:16:17,658:INFO:display_container: 4
2021-11-04 23:16:17,659:INFO:GaussianNB(priors=None, var_smoothing=1e-09)
2021-11-04 23:16:17,659:INFO:create_model() succesfully completed......................................
2021-11-04 23:16:17,838:INFO:SubProcess create_model() end ==================================
2021-11-04 23:16:17,838:INFO:Creating metrics dataframe
2021-11-04 23:16:17,876:INFO:Initializing Decision Tree Classifier
2021-11-04 23:16:17,876:INFO:Total runtime is 0.03221731980641683 minutes
2021-11-04 23:16:17,894:INFO:SubProcess create_model() called ==================================
2021-11-04 23:16:17,895:INFO:Initializing create_model()
2021-11-04 23:16:17,895:INFO:create_model(estimator=dt, fold=StratifiedKFold(n_splits=10, random_state=None, shuffle=False), round=4, cross_validation=True, predict=True, fit_kwargs={}, groups=None, refit=False, verbose=False, system=False, metrics=None, add_to_model_list=True, display=<pycaret.internal.Display.Display object at 0x000002AC8B6FC5C8>, kwargs={})
2021-11-04 23:16:17,896:INFO:Checking exceptions
2021-11-04 23:16:17,896:INFO:Importing libraries
2021-11-04 23:16:17,896:INFO:Copying training dataset
2021-11-04 23:16:17,898:INFO:Defining folds
2021-11-04 23:16:17,898:INFO:Declaring metric variables
2021-11-04 23:16:17,926:INFO:Importing untrained model
2021-11-04 23:16:17,950:INFO:Decision Tree Classifier Imported succesfully
2021-11-04 23:16:17,988:INFO:Starting cross validation
2021-11-04 23:16:17,989:INFO:Cross validating with StratifiedKFold(n_splits=10, random_state=None, shuffle=False), n_jobs=-1
2021-11-04 23:16:18,242:INFO:Calculating mean and std
2021-11-04 23:16:18,244:INFO:Creating metrics dataframe
2021-11-04 23:16:18,256:INFO:Uploading results into container
2021-11-04 23:16:18,257:INFO:Uploading model into container now
2021-11-04 23:16:18,257:INFO:create_model_container: 18
2021-11-04 23:16:18,257:INFO:master_model_container: 18
2021-11-04 23:16:18,258:INFO:display_container: 4
2021-11-04 23:16:18,259:INFO:DecisionTreeClassifier(ccp_alpha=0.0, class_weight=None, criterion='gini',
                       max_depth=None, max_features=None, max_leaf_nodes=None,
                       min_impurity_decrease=0.0, min_impurity_split=None,
                       min_samples_leaf=1, min_samples_split=2,
                       min_weight_fraction_leaf=0.0, presort='deprecated',
                       random_state=162, splitter='best')
2021-11-04 23:16:18,259:INFO:create_model() succesfully completed......................................
2021-11-04 23:16:18,426:INFO:SubProcess create_model() end ==================================
2021-11-04 23:16:18,426:INFO:Creating metrics dataframe
2021-11-04 23:16:18,474:INFO:Initializing SVM - Linear Kernel
2021-11-04 23:16:18,475:INFO:Total runtime is 0.04220016400019328 minutes
2021-11-04 23:16:18,500:INFO:SubProcess create_model() called ==================================
2021-11-04 23:16:18,501:INFO:Initializing create_model()
2021-11-04 23:16:18,502:INFO:create_model(estimator=svm, fold=StratifiedKFold(n_splits=10, random_state=None, shuffle=False), round=4, cross_validation=True, predict=True, fit_kwargs={}, groups=None, refit=False, verbose=False, system=False, metrics=None, add_to_model_list=True, display=<pycaret.internal.Display.Display object at 0x000002AC8B6FC5C8>, kwargs={})
2021-11-04 23:16:18,502:INFO:Checking exceptions
2021-11-04 23:16:18,502:INFO:Importing libraries
2021-11-04 23:16:18,502:INFO:Copying training dataset
2021-11-04 23:16:18,505:INFO:Defining folds
2021-11-04 23:16:18,505:INFO:Declaring metric variables
2021-11-04 23:16:18,534:INFO:Importing untrained model
2021-11-04 23:16:18,559:INFO:SVM - Linear Kernel Imported succesfully
2021-11-04 23:16:18,600:INFO:Starting cross validation
2021-11-04 23:16:18,601:INFO:Cross validating with StratifiedKFold(n_splits=10, random_state=None, shuffle=False), n_jobs=-1
2021-11-04 23:16:19,083:INFO:Calculating mean and std
2021-11-04 23:16:19,086:INFO:Creating metrics dataframe
2021-11-04 23:16:19,101:INFO:Uploading results into container
2021-11-04 23:16:19,101:INFO:Uploading model into container now
2021-11-04 23:16:19,102:INFO:create_model_container: 19
2021-11-04 23:16:19,102:INFO:master_model_container: 19
2021-11-04 23:16:19,103:INFO:display_container: 4
2021-11-04 23:16:19,104:INFO:SGDClassifier(alpha=0.0001, average=False, class_weight=None,
              early_stopping=False, epsilon=0.1, eta0=0.001, fit_intercept=True,
              l1_ratio=0.15, learning_rate='optimal', loss='hinge',
              max_iter=1000, n_iter_no_change=5, n_jobs=-1, penalty='l2',
              power_t=0.5, random_state=162, shuffle=True, tol=0.001,
              validation_fraction=0.1, verbose=0, warm_start=False)
2021-11-04 23:16:19,105:INFO:create_model() succesfully completed......................................
2021-11-04 23:16:19,320:INFO:SubProcess create_model() end ==================================
2021-11-04 23:16:19,321:INFO:Creating metrics dataframe
2021-11-04 23:16:19,380:INFO:Initializing Ridge Classifier
2021-11-04 23:16:19,380:INFO:Total runtime is 0.05728415250778199 minutes
2021-11-04 23:16:19,401:INFO:SubProcess create_model() called ==================================
2021-11-04 23:16:19,402:INFO:Initializing create_model()
2021-11-04 23:16:19,402:INFO:create_model(estimator=ridge, fold=StratifiedKFold(n_splits=10, random_state=None, shuffle=False), round=4, cross_validation=True, predict=True, fit_kwargs={}, groups=None, refit=False, verbose=False, system=False, metrics=None, add_to_model_list=True, display=<pycaret.internal.Display.Display object at 0x000002AC8B6FC5C8>, kwargs={})
2021-11-04 23:16:19,403:INFO:Checking exceptions
2021-11-04 23:16:19,403:INFO:Importing libraries
2021-11-04 23:16:19,403:INFO:Copying training dataset
2021-11-04 23:16:19,405:INFO:Defining folds
2021-11-04 23:16:19,405:INFO:Declaring metric variables
2021-11-04 23:16:19,426:INFO:Importing untrained model
2021-11-04 23:16:19,464:INFO:Ridge Classifier Imported succesfully
2021-11-04 23:16:19,517:INFO:Starting cross validation
2021-11-04 23:16:19,519:INFO:Cross validating with StratifiedKFold(n_splits=10, random_state=None, shuffle=False), n_jobs=-1
2021-11-04 23:16:19,738:INFO:Calculating mean and std
2021-11-04 23:16:19,741:INFO:Creating metrics dataframe
2021-11-04 23:16:19,756:INFO:Uploading results into container
2021-11-04 23:16:19,756:INFO:Uploading model into container now
2021-11-04 23:16:19,757:INFO:create_model_container: 20
2021-11-04 23:16:19,758:INFO:master_model_container: 20
2021-11-04 23:16:19,758:INFO:display_container: 4
2021-11-04 23:16:19,760:INFO:RidgeClassifier(alpha=1.0, class_weight=None, copy_X=True, fit_intercept=True,
                max_iter=None, normalize=False, random_state=162, solver='auto',
                tol=0.001)
2021-11-04 23:16:19,760:INFO:create_model() succesfully completed......................................
2021-11-04 23:16:19,958:INFO:SubProcess create_model() end ==================================
2021-11-04 23:16:19,958:INFO:Creating metrics dataframe
2021-11-04 23:16:20,005:INFO:Initializing Random Forest Classifier
2021-11-04 23:16:20,005:INFO:Total runtime is 0.06770076751708985 minutes
2021-11-04 23:16:20,031:INFO:SubProcess create_model() called ==================================
2021-11-04 23:16:20,032:INFO:Initializing create_model()
2021-11-04 23:16:20,033:INFO:create_model(estimator=rf, fold=StratifiedKFold(n_splits=10, random_state=None, shuffle=False), round=4, cross_validation=True, predict=True, fit_kwargs={}, groups=None, refit=False, verbose=False, system=False, metrics=None, add_to_model_list=True, display=<pycaret.internal.Display.Display object at 0x000002AC8B6FC5C8>, kwargs={})
2021-11-04 23:16:20,033:INFO:Checking exceptions
2021-11-04 23:16:20,034:INFO:Importing libraries
2021-11-04 23:16:20,034:INFO:Copying training dataset
2021-11-04 23:16:20,037:INFO:Defining folds
2021-11-04 23:16:20,037:INFO:Declaring metric variables
2021-11-04 23:16:20,065:INFO:Importing untrained model
2021-11-04 23:16:20,094:INFO:Random Forest Classifier Imported succesfully
2021-11-04 23:16:20,134:INFO:Starting cross validation
2021-11-04 23:16:20,136:INFO:Cross validating with StratifiedKFold(n_splits=10, random_state=None, shuffle=False), n_jobs=-1
2021-11-04 23:16:23,515:INFO:Calculating mean and std
2021-11-04 23:16:23,518:INFO:Creating metrics dataframe
2021-11-04 23:16:23,535:INFO:Uploading results into container
2021-11-04 23:16:23,535:INFO:Uploading model into container now
2021-11-04 23:16:23,536:INFO:create_model_container: 21
2021-11-04 23:16:23,537:INFO:master_model_container: 21
2021-11-04 23:16:23,537:INFO:display_container: 4
2021-11-04 23:16:23,539:INFO:RandomForestClassifier(bootstrap=True, ccp_alpha=0.0, class_weight=None,
                       criterion='gini', max_depth=None, max_features='auto',
                       max_leaf_nodes=None, max_samples=None,
                       min_impurity_decrease=0.0, min_impurity_split=None,
                       min_samples_leaf=1, min_samples_split=2,
                       min_weight_fraction_leaf=0.0, n_estimators=100,
                       n_jobs=-1, oob_score=False, random_state=162, verbose=0,
                       warm_start=False)
2021-11-04 23:16:23,539:INFO:create_model() succesfully completed......................................
2021-11-04 23:16:23,734:INFO:SubProcess create_model() end ==================================
2021-11-04 23:16:23,734:INFO:Creating metrics dataframe
2021-11-04 23:16:23,778:INFO:Initializing Quadratic Discriminant Analysis
2021-11-04 23:16:23,778:INFO:Total runtime is 0.1305840571721395 minutes
2021-11-04 23:16:23,797:INFO:SubProcess create_model() called ==================================
2021-11-04 23:16:23,798:INFO:Initializing create_model()
2021-11-04 23:16:23,798:INFO:create_model(estimator=qda, fold=StratifiedKFold(n_splits=10, random_state=None, shuffle=False), round=4, cross_validation=True, predict=True, fit_kwargs={}, groups=None, refit=False, verbose=False, system=False, metrics=None, add_to_model_list=True, display=<pycaret.internal.Display.Display object at 0x000002AC8B6FC5C8>, kwargs={})
2021-11-04 23:16:23,798:INFO:Checking exceptions
2021-11-04 23:16:23,798:INFO:Importing libraries
2021-11-04 23:16:23,798:INFO:Copying training dataset
2021-11-04 23:16:23,800:INFO:Defining folds
2021-11-04 23:16:23,800:INFO:Declaring metric variables
2021-11-04 23:16:23,825:INFO:Importing untrained model
2021-11-04 23:16:23,845:INFO:Quadratic Discriminant Analysis Imported succesfully
2021-11-04 23:16:23,887:INFO:Starting cross validation
2021-11-04 23:16:23,889:INFO:Cross validating with StratifiedKFold(n_splits=10, random_state=None, shuffle=False), n_jobs=-1
2021-11-04 23:16:24,066:INFO:Calculating mean and std
2021-11-04 23:16:24,068:INFO:Creating metrics dataframe
2021-11-04 23:16:24,077:INFO:Uploading results into container
2021-11-04 23:16:24,078:INFO:Uploading model into container now
2021-11-04 23:16:24,078:INFO:create_model_container: 22
2021-11-04 23:16:24,078:INFO:master_model_container: 22
2021-11-04 23:16:24,078:INFO:display_container: 4
2021-11-04 23:16:24,078:INFO:QuadraticDiscriminantAnalysis(priors=None, reg_param=0.0,
                              store_covariance=False, tol=0.0001)
2021-11-04 23:16:24,079:INFO:create_model() succesfully completed......................................
2021-11-04 23:16:24,224:INFO:SubProcess create_model() end ==================================
2021-11-04 23:16:24,224:INFO:Creating metrics dataframe
2021-11-04 23:16:24,263:INFO:Initializing Ada Boost Classifier
2021-11-04 23:16:24,263:INFO:Total runtime is 0.13866732517878216 minutes
2021-11-04 23:16:24,280:INFO:SubProcess create_model() called ==================================
2021-11-04 23:16:24,280:INFO:Initializing create_model()
2021-11-04 23:16:24,280:INFO:create_model(estimator=ada, fold=StratifiedKFold(n_splits=10, random_state=None, shuffle=False), round=4, cross_validation=True, predict=True, fit_kwargs={}, groups=None, refit=False, verbose=False, system=False, metrics=None, add_to_model_list=True, display=<pycaret.internal.Display.Display object at 0x000002AC8B6FC5C8>, kwargs={})
2021-11-04 23:16:24,280:INFO:Checking exceptions
2021-11-04 23:16:24,281:INFO:Importing libraries
2021-11-04 23:16:24,281:INFO:Copying training dataset
2021-11-04 23:16:24,282:INFO:Defining folds
2021-11-04 23:16:24,283:INFO:Declaring metric variables
2021-11-04 23:16:24,299:INFO:Importing untrained model
2021-11-04 23:16:24,315:INFO:Ada Boost Classifier Imported succesfully
2021-11-04 23:16:24,348:INFO:Starting cross validation
2021-11-04 23:16:24,349:INFO:Cross validating with StratifiedKFold(n_splits=10, random_state=None, shuffle=False), n_jobs=-1
2021-11-04 23:16:25,594:INFO:Calculating mean and std
2021-11-04 23:16:25,598:INFO:Creating metrics dataframe
2021-11-04 23:16:25,619:INFO:Uploading results into container
2021-11-04 23:16:25,620:INFO:Uploading model into container now
2021-11-04 23:16:25,621:INFO:create_model_container: 23
2021-11-04 23:16:25,621:INFO:master_model_container: 23
2021-11-04 23:16:25,621:INFO:display_container: 4
2021-11-04 23:16:25,623:INFO:AdaBoostClassifier(algorithm='SAMME.R', base_estimator=None, learning_rate=1.0,
                   n_estimators=50, random_state=162)
2021-11-04 23:16:25,623:INFO:create_model() succesfully completed......................................
2021-11-04 23:16:25,818:INFO:SubProcess create_model() end ==================================
2021-11-04 23:16:25,819:INFO:Creating metrics dataframe
2021-11-04 23:16:25,869:INFO:Initializing Gradient Boosting Classifier
2021-11-04 23:16:25,869:INFO:Total runtime is 0.16543414195378622 minutes
2021-11-04 23:16:25,890:INFO:SubProcess create_model() called ==================================
2021-11-04 23:16:25,890:INFO:Initializing create_model()
2021-11-04 23:16:25,891:INFO:create_model(estimator=gbc, fold=StratifiedKFold(n_splits=10, random_state=None, shuffle=False), round=4, cross_validation=True, predict=True, fit_kwargs={}, groups=None, refit=False, verbose=False, system=False, metrics=None, add_to_model_list=True, display=<pycaret.internal.Display.Display object at 0x000002AC8B6FC5C8>, kwargs={})
2021-11-04 23:16:25,891:INFO:Checking exceptions
2021-11-04 23:16:25,891:INFO:Importing libraries
2021-11-04 23:16:25,891:INFO:Copying training dataset
2021-11-04 23:16:25,893:INFO:Defining folds
2021-11-04 23:16:25,893:INFO:Declaring metric variables
2021-11-04 23:16:25,916:INFO:Importing untrained model
2021-11-04 23:16:25,955:INFO:Gradient Boosting Classifier Imported succesfully
2021-11-04 23:16:26,004:INFO:Starting cross validation
2021-11-04 23:16:26,006:INFO:Cross validating with StratifiedKFold(n_splits=10, random_state=None, shuffle=False), n_jobs=-1
2021-11-04 23:16:29,220:INFO:Calculating mean and std
2021-11-04 23:16:29,223:INFO:Creating metrics dataframe
2021-11-04 23:16:29,236:INFO:Uploading results into container
2021-11-04 23:16:29,237:INFO:Uploading model into container now
2021-11-04 23:16:29,237:INFO:create_model_container: 24
2021-11-04 23:16:29,238:INFO:master_model_container: 24
2021-11-04 23:16:29,238:INFO:display_container: 4
2021-11-04 23:16:29,240:INFO:GradientBoostingClassifier(ccp_alpha=0.0, criterion='friedman_mse', init=None,
                           learning_rate=0.1, loss='deviance', max_depth=3,
                           max_features=None, max_leaf_nodes=None,
                           min_impurity_decrease=0.0, min_impurity_split=None,
                           min_samples_leaf=1, min_samples_split=2,
                           min_weight_fraction_leaf=0.0, n_estimators=100,
                           n_iter_no_change=None, presort='deprecated',
                           random_state=162, subsample=1.0, tol=0.0001,
                           validation_fraction=0.1, verbose=0,
                           warm_start=False)
2021-11-04 23:16:29,240:INFO:create_model() succesfully completed......................................
2021-11-04 23:16:29,425:INFO:SubProcess create_model() end ==================================
2021-11-04 23:16:29,425:INFO:Creating metrics dataframe
2021-11-04 23:16:29,470:INFO:Initializing Linear Discriminant Analysis
2021-11-04 23:16:29,470:INFO:Total runtime is 0.2254507342974345 minutes
2021-11-04 23:16:29,488:INFO:SubProcess create_model() called ==================================
2021-11-04 23:16:29,489:INFO:Initializing create_model()
2021-11-04 23:16:29,489:INFO:create_model(estimator=lda, fold=StratifiedKFold(n_splits=10, random_state=None, shuffle=False), round=4, cross_validation=True, predict=True, fit_kwargs={}, groups=None, refit=False, verbose=False, system=False, metrics=None, add_to_model_list=True, display=<pycaret.internal.Display.Display object at 0x000002AC8B6FC5C8>, kwargs={})
2021-11-04 23:16:29,489:INFO:Checking exceptions
2021-11-04 23:16:29,489:INFO:Importing libraries
2021-11-04 23:16:29,490:INFO:Copying training dataset
2021-11-04 23:16:29,491:INFO:Defining folds
2021-11-04 23:16:29,492:INFO:Declaring metric variables
2021-11-04 23:16:29,510:INFO:Importing untrained model
2021-11-04 23:16:29,531:INFO:Linear Discriminant Analysis Imported succesfully
2021-11-04 23:16:29,569:INFO:Starting cross validation
2021-11-04 23:16:29,570:INFO:Cross validating with StratifiedKFold(n_splits=10, random_state=None, shuffle=False), n_jobs=-1
2021-11-04 23:16:29,801:INFO:Calculating mean and std
2021-11-04 23:16:29,804:INFO:Creating metrics dataframe
2021-11-04 23:16:29,813:INFO:Uploading results into container
2021-11-04 23:16:29,813:INFO:Uploading model into container now
2021-11-04 23:16:29,814:INFO:create_model_container: 25
2021-11-04 23:16:29,814:INFO:master_model_container: 25
2021-11-04 23:16:29,814:INFO:display_container: 4
2021-11-04 23:16:29,814:INFO:LinearDiscriminantAnalysis(n_components=None, priors=None, shrinkage=None,
                           solver='svd', store_covariance=False, tol=0.0001)
2021-11-04 23:16:29,815:INFO:create_model() succesfully completed......................................
2021-11-04 23:16:29,966:INFO:SubProcess create_model() end ==================================
2021-11-04 23:16:29,966:INFO:Creating metrics dataframe
2021-11-04 23:16:30,007:INFO:Initializing Extra Trees Classifier
2021-11-04 23:16:30,008:INFO:Total runtime is 0.23441668748855593 minutes
2021-11-04 23:16:30,024:INFO:SubProcess create_model() called ==================================
2021-11-04 23:16:30,025:INFO:Initializing create_model()
2021-11-04 23:16:30,025:INFO:create_model(estimator=et, fold=StratifiedKFold(n_splits=10, random_state=None, shuffle=False), round=4, cross_validation=True, predict=True, fit_kwargs={}, groups=None, refit=False, verbose=False, system=False, metrics=None, add_to_model_list=True, display=<pycaret.internal.Display.Display object at 0x000002AC8B6FC5C8>, kwargs={})
2021-11-04 23:16:30,025:INFO:Checking exceptions
2021-11-04 23:16:30,025:INFO:Importing libraries
2021-11-04 23:16:30,025:INFO:Copying training dataset
2021-11-04 23:16:30,027:INFO:Defining folds
2021-11-04 23:16:30,027:INFO:Declaring metric variables
2021-11-04 23:16:30,042:INFO:Importing untrained model
2021-11-04 23:16:30,058:INFO:Extra Trees Classifier Imported succesfully
2021-11-04 23:16:30,092:INFO:Starting cross validation
2021-11-04 23:16:30,093:INFO:Cross validating with StratifiedKFold(n_splits=10, random_state=None, shuffle=False), n_jobs=-1
2021-11-04 23:16:33,476:INFO:Calculating mean and std
2021-11-04 23:16:33,478:INFO:Creating metrics dataframe
2021-11-04 23:16:33,488:INFO:Uploading results into container
2021-11-04 23:16:33,488:INFO:Uploading model into container now
2021-11-04 23:16:33,488:INFO:create_model_container: 26
2021-11-04 23:16:33,488:INFO:master_model_container: 26
2021-11-04 23:16:33,488:INFO:display_container: 4
2021-11-04 23:16:33,489:INFO:ExtraTreesClassifier(bootstrap=False, ccp_alpha=0.0, class_weight=None,
                     criterion='gini', max_depth=None, max_features='auto',
                     max_leaf_nodes=None, max_samples=None,
                     min_impurity_decrease=0.0, min_impurity_split=None,
                     min_samples_leaf=1, min_samples_split=2,
                     min_weight_fraction_leaf=0.0, n_estimators=100, n_jobs=-1,
                     oob_score=False, random_state=162, verbose=0,
                     warm_start=False)
2021-11-04 23:16:33,489:INFO:create_model() succesfully completed......................................
2021-11-04 23:16:33,641:INFO:SubProcess create_model() end ==================================
2021-11-04 23:16:33,642:INFO:Creating metrics dataframe
2021-11-04 23:16:33,684:INFO:Initializing Light Gradient Boosting Machine
2021-11-04 23:16:33,684:INFO:Total runtime is 0.29569653669993085 minutes
2021-11-04 23:16:33,701:INFO:SubProcess create_model() called ==================================
2021-11-04 23:16:33,701:INFO:Initializing create_model()
2021-11-04 23:16:33,702:INFO:create_model(estimator=lightgbm, fold=StratifiedKFold(n_splits=10, random_state=None, shuffle=False), round=4, cross_validation=True, predict=True, fit_kwargs={}, groups=None, refit=False, verbose=False, system=False, metrics=None, add_to_model_list=True, display=<pycaret.internal.Display.Display object at 0x000002AC8B6FC5C8>, kwargs={})
2021-11-04 23:16:33,702:INFO:Checking exceptions
2021-11-04 23:16:33,702:INFO:Importing libraries
2021-11-04 23:16:33,702:INFO:Copying training dataset
2021-11-04 23:16:33,704:INFO:Defining folds
2021-11-04 23:16:33,704:INFO:Declaring metric variables
2021-11-04 23:16:33,720:INFO:Importing untrained model
2021-11-04 23:16:33,738:INFO:Light Gradient Boosting Machine Imported succesfully
2021-11-04 23:16:33,777:INFO:Starting cross validation
2021-11-04 23:16:33,778:INFO:Cross validating with StratifiedKFold(n_splits=10, random_state=None, shuffle=False), n_jobs=-1
2021-11-04 23:16:34,445:INFO:Calculating mean and std
2021-11-04 23:16:34,449:INFO:Creating metrics dataframe
2021-11-04 23:16:34,466:INFO:Uploading results into container
2021-11-04 23:16:34,467:INFO:Uploading model into container now
2021-11-04 23:16:34,467:INFO:create_model_container: 27
2021-11-04 23:16:34,468:INFO:master_model_container: 27
2021-11-04 23:16:34,468:INFO:display_container: 4
2021-11-04 23:16:34,471:INFO:LGBMClassifier(boosting_type='gbdt', class_weight=None, colsample_bytree=1.0,
               importance_type='split', learning_rate=0.1, max_depth=-1,
               min_child_samples=20, min_child_weight=0.001, min_split_gain=0.0,
               n_estimators=100, n_jobs=-1, num_leaves=31, objective=None,
               random_state=162, reg_alpha=0.0, reg_lambda=0.0, silent='warn',
               subsample=1.0, subsample_for_bin=200000, subsample_freq=0)
2021-11-04 23:16:34,471:INFO:create_model() succesfully completed......................................
2021-11-04 23:16:34,677:INFO:SubProcess create_model() end ==================================
2021-11-04 23:16:34,678:INFO:Creating metrics dataframe
2021-11-04 23:16:34,773:INFO:Initializing create_model()
2021-11-04 23:16:34,773:INFO:create_model(estimator=GaussianNB(priors=None, var_smoothing=1e-09), fold=StratifiedKFold(n_splits=10, random_state=None, shuffle=False), round=4, cross_validation=False, predict=False, fit_kwargs={}, groups=None, refit=True, verbose=False, system=False, metrics=None, add_to_model_list=True, display=None, kwargs={})
2021-11-04 23:16:34,773:INFO:Checking exceptions
2021-11-04 23:16:34,773:INFO:Importing libraries
2021-11-04 23:16:34,774:INFO:Copying training dataset
2021-11-04 23:16:34,775:INFO:Defining folds
2021-11-04 23:16:34,775:INFO:Declaring metric variables
2021-11-04 23:16:34,775:INFO:Importing untrained model
2021-11-04 23:16:34,775:INFO:Declaring custom model
2021-11-04 23:16:34,776:INFO:Naive Bayes Imported succesfully
2021-11-04 23:16:34,777:INFO:Cross validation set to False
2021-11-04 23:16:34,777:INFO:Fitting Model
2021-11-04 23:16:34,787:INFO:GaussianNB(priors=None, var_smoothing=1e-09)
2021-11-04 23:16:34,787:INFO:create_models() succesfully completed......................................
2021-11-04 23:16:35,042:INFO:create_model_container: 27
2021-11-04 23:16:35,042:INFO:master_model_container: 27
2021-11-04 23:16:35,042:INFO:display_container: 4
2021-11-04 23:16:35,042:INFO:GaussianNB(priors=None, var_smoothing=1e-09)
2021-11-04 23:16:35,043:INFO:compare_models() succesfully completed......................................
2021-11-04 23:16:39,869:INFO:Initializing plot_model()
2021-11-04 23:16:39,870:INFO:plot_model(fold=None, use_train_data=False, verbose=True, is_in_evaluate=False, display=None, display_format=None, estimator=GaussianNB(priors=None, var_smoothing=1e-09), feature_name=None, fit_kwargs=None, groups=None, label=False, plot=confusion_matrix, save=False, scale=1, system=True)
2021-11-04 23:16:39,870:INFO:Checking exceptions
2021-11-04 23:16:39,871:INFO:Preparing display monitor
2021-11-04 23:16:39,883:INFO:Preloading libraries
2021-11-04 23:16:39,884:INFO:Copying training dataset
2021-11-04 23:16:39,884:INFO:Copying test dataset
2021-11-04 23:16:39,885:INFO:Plot type: confusion_matrix
2021-11-04 23:16:39,887:INFO:Fitting Model
2021-11-04 23:16:39,888:INFO:Scoring test/hold-out set
2021-11-04 23:16:40,001:INFO:Visual Rendered Successfully
2021-11-04 23:16:40,095:INFO:plot_model() succesfully completed......................................
2021-11-04 23:17:38,966:INFO:Initializing save_model()
2021-11-04 23:17:38,966:INFO:save_model(model=AdaBoostClassifier(algorithm='SAMME.R', base_estimator=None, learning_rate=1.0,
                   n_estimators=50, random_state=162), model_name=Cusomer_Churn, prep_pipe_=Pipeline(memory=None,
         steps=[('dtypes',
                 DataTypes_Auto_infer(categorical_features=[],
                                      display_types=True,
                                      features_todrop=['customerID'],
                                      id_columns=[],
                                      ml_usecase='classification',
                                      numerical_features=[], target='Churn',
                                      time_features=[])),
                ('imputer',
                 Simple_Imputer(categorical_strategy='not_available',
                                fill_value_categorical=None,
                                fill_value_numerical=None,
                                nu...
                ('scaling', 'passthrough'), ('P_transform', 'passthrough'),
                ('binn', 'passthrough'), ('rem_outliers', 'passthrough'),
                ('cluster_all', 'passthrough'),
                ('dummy', Dummify(target='Churn')),
                ('fix_perfect', Remove_100(target='Churn')),
                ('clean_names', Clean_Colum_Names()),
                ('feature_select', 'passthrough'), ('fix_multi', 'passthrough'),
                ('dfs', 'passthrough'), ('pca', 'passthrough')],
         verbose=False), verbose=True, kwargs={})
2021-11-04 23:17:38,966:INFO:Adding model into prep_pipe
2021-11-04 23:17:38,993:INFO:Cusomer_Churn.pkl saved in current working directory
2021-11-04 23:17:38,998:INFO:Pipeline(memory=None,
         steps=[('dtypes',
                 DataTypes_Auto_infer(categorical_features=[],
                                      display_types=True,
                                      features_todrop=['customerID'],
                                      id_columns=[],
                                      ml_usecase='classification',
                                      numerical_features=[], target='Churn',
                                      time_features=[])),
                ('imputer',
                 Simple_Imputer(categorical_strategy='not_available',
                                fill_value_categorical=None,
                                fill_value_numerical=None,
                                nu...
                ('dummy', Dummify(target='Churn')),
                ('fix_perfect', Remove_100(target='Churn')),
                ('clean_names', Clean_Colum_Names()),
                ('feature_select', 'passthrough'), ('fix_multi', 'passthrough'),
                ('dfs', 'passthrough'), ('pca', 'passthrough'),
                ['trained_model',
                 AdaBoostClassifier(algorithm='SAMME.R', base_estimator=None,
                                    learning_rate=1.0, n_estimators=50,
                                    random_state=162)]],
         verbose=False)
2021-11-04 23:17:38,999:INFO:save_model() successfully completed......................................
